{"address":"127.0.0.1","code":"ECONNREFUSED","errno":-111,"level":"error","message":"Error connecting to rabbit mq connect ECONNREFUSED 127.0.0.1:5672","port":5672,"service":"post-service","stack":"Error: connect ECONNREFUSED 127.0.0.1:5672\n    at TCPConnectWrap.afterConnect [as oncomplete] (node:net:1495:16)","syscall":"connect","timestamp":"2025-04-11T14:57:38.201Z"}
{"level":"info","message":"Post service running on port 3002","service":"post-service","timestamp":"2025-04-11T14:57:38.211Z"}
{"level":"info","message":"Connected to mongodb","service":"post-service","timestamp":"2025-04-11T14:57:50.149Z"}
{"level":"info","message":"Post service running on port 3002","service":"post-service","timestamp":"2025-04-11T15:01:32.302Z"}
{"level":"info","message":"Connected to mongodb","service":"post-service","timestamp":"2025-04-11T15:01:43.532Z"}
{"level":"info","message":"Post service running on port 3002","service":"post-service","timestamp":"2025-04-19T06:46:37.144Z"}
{"level":"info","message":"Connected to mongodb","service":"post-service","timestamp":"2025-04-19T06:46:38.214Z"}
{"level":"info","message":"Post service running on port 3002","service":"post-service","timestamp":"2025-04-19T07:06:54.915Z"}
{"level":"info","message":"Connected to mongodb","service":"post-service","timestamp":"2025-04-19T07:06:55.792Z"}
{"level":"info","message":"Received POST request to /api/posts/create-post","service":"post-service","timestamp":"2025-04-19T07:18:52.780Z"}
{"level":"info","message":"Request body, [object Object]","service":"post-service","timestamp":"2025-04-19T07:18:52.780Z"}
{"level":"info","message":"Create post endpoint hit","service":"post-service","timestamp":"2025-04-19T07:18:52.782Z"}
{"$__":{"$versionError":null,"activePaths":{"paths":{"content":"require","user":"require"},"states":{"default":{},"modify":{},"require":{"content":true,"user":true}}},"backup":{"activePaths":{"default":{"_id":true,"createdAt":true},"modify":{"content":true,"mediaIds":true,"updatedAt":true,"user":true}},"validationError":null},"cachedRequired":{},"inserting":true,"op":null,"pathsToScopes":{"mediaIds":{"__v":0,"_id":"68034e5caf77108057c49b32","content":"test","createdAt":"2025-04-19T07:18:52.789Z","mediaIds":[],"updatedAt":"2025-04-19T07:18:52.789Z","user":"680347e27c266028da5dd7e8"}},"saveOptions":null,"savedState":{},"saving":null,"validating":null},"$isNew":false,"_doc":{"__v":0,"_id":"68034e5caf77108057c49b32","content":"test","createdAt":"2025-04-19T07:18:52.789Z","mediaIds":[],"updatedAt":"2025-04-19T07:18:52.789Z","user":"680347e27c266028da5dd7e8"},"level":"info","message":"Post created successfully","service":"post-service","timestamp":"2025-04-19T07:18:52.853Z"}
{"level":"info","message":"Received POST request to /api/posts/create-post","service":"post-service","timestamp":"2025-04-19T07:19:15.124Z"}
{"level":"info","message":"Request body, [object Object]","service":"post-service","timestamp":"2025-04-19T07:19:15.124Z"}
{"level":"info","message":"Create post endpoint hit","service":"post-service","timestamp":"2025-04-19T07:19:15.125Z"}
{"0":"\"","1":"c","10":"i","11":"s","12":" ","13":"r","14":"e","15":"q","16":"u","17":"i","18":"r","19":"e","2":"o","20":"d","3":"n","4":"t","5":"e","6":"n","7":"t","8":"\"","9":" ","level":"warn","message":"Validation error","service":"post-service","timestamp":"2025-04-19T07:19:15.126Z"}
{"level":"info","message":"Received POST request to /api/posts/create-post","service":"post-service","timestamp":"2025-04-19T07:19:24.647Z"}
{"level":"info","message":"Request body, [object Object]","service":"post-service","timestamp":"2025-04-19T07:19:24.647Z"}
{"level":"info","message":"Create post endpoint hit","service":"post-service","timestamp":"2025-04-19T07:19:24.647Z"}
{"$__":{"$versionError":null,"activePaths":{"paths":{"content":"require","user":"require"},"states":{"default":{},"modify":{},"require":{"content":true,"user":true}}},"backup":{"activePaths":{"default":{"_id":true,"createdAt":true},"modify":{"content":true,"mediaIds":true,"updatedAt":true,"user":true}},"validationError":null},"cachedRequired":{},"inserting":true,"op":null,"pathsToScopes":{"mediaIds":{"__v":0,"_id":"68034e7caf77108057c49b34","content":"test12324","createdAt":"2025-04-19T07:19:24.648Z","mediaIds":[],"updatedAt":"2025-04-19T07:19:24.648Z","user":"680347e27c266028da5dd7e8"}},"saveOptions":null,"savedState":{},"saving":null,"validating":null},"$isNew":false,"_doc":{"__v":0,"_id":"68034e7caf77108057c49b34","content":"test12324","createdAt":"2025-04-19T07:19:24.648Z","mediaIds":[],"updatedAt":"2025-04-19T07:19:24.648Z","user":"680347e27c266028da5dd7e8"},"level":"info","message":"Post created successfully","service":"post-service","timestamp":"2025-04-19T07:19:24.701Z"}
{"level":"info","message":"Post service running on port 3002","service":"post-service","timestamp":"2025-04-20T06:50:21.616Z"}
{"level":"info","message":"Connected to mongodb","service":"post-service","timestamp":"2025-04-20T06:50:22.602Z"}
{"level":"info","message":"Received GET request to /api/posts/all-posts","service":"post-service","timestamp":"2025-04-20T06:50:30.409Z"}
{"level":"info","message":"Request body, [object Object]","service":"post-service","timestamp":"2025-04-20T06:50:30.410Z"}
{"level":"info","message":"Received GET request to /api/posts/all-posts","service":"post-service","timestamp":"2025-04-20T06:50:53.934Z"}
{"level":"info","message":"Request body, [object Object]","service":"post-service","timestamp":"2025-04-20T06:50:53.935Z"}
{"level":"info","message":"Received GET request to /api/posts/all-posts","service":"post-service","timestamp":"2025-04-20T06:50:58.949Z"}
{"level":"info","message":"Request body, [object Object]","service":"post-service","timestamp":"2025-04-20T06:50:58.950Z"}
{"level":"info","message":"Received GET request to /api/posts/all-posts","service":"post-service","timestamp":"2025-04-20T06:51:01.836Z"}
{"level":"info","message":"Request body, [object Object]","service":"post-service","timestamp":"2025-04-20T06:51:01.836Z"}
{"level":"info","message":"Received GET request to /api/posts/all-posts","service":"post-service","timestamp":"2025-04-20T06:51:03.855Z"}
{"level":"info","message":"Request body, [object Object]","service":"post-service","timestamp":"2025-04-20T06:51:03.856Z"}
{"level":"info","message":"Received GET request to /api/posts/all-posts","service":"post-service","timestamp":"2025-04-20T06:51:05.865Z"}
{"level":"info","message":"Request body, [object Object]","service":"post-service","timestamp":"2025-04-20T06:51:05.866Z"}
{"level":"info","message":"Received GET request to /api/posts/all-posts","service":"post-service","timestamp":"2025-04-20T06:51:07.457Z"}
{"level":"info","message":"Request body, [object Object]","service":"post-service","timestamp":"2025-04-20T06:51:07.457Z"}
{"level":"info","message":"Received GET request to /api/posts/all-posts","service":"post-service","timestamp":"2025-04-20T06:51:09.162Z"}
{"level":"info","message":"Request body, [object Object]","service":"post-service","timestamp":"2025-04-20T06:51:09.163Z"}
{"level":"info","message":"Received GET request to /api/posts/all-posts","service":"post-service","timestamp":"2025-04-20T06:51:10.976Z"}
{"level":"info","message":"Request body, [object Object]","service":"post-service","timestamp":"2025-04-20T06:51:10.977Z"}
{"level":"info","message":"Post service running on port 3002","service":"post-service","timestamp":"2025-04-20T06:56:37.570Z"}
{"level":"info","message":"Connected to mongodb","service":"post-service","timestamp":"2025-04-20T06:56:38.496Z"}
{"level":"info","message":"Received POST request to /api/posts/create-post","service":"post-service","timestamp":"2025-04-20T06:57:34.566Z"}
{"level":"info","message":"Request body, [object Object]","service":"post-service","timestamp":"2025-04-20T06:57:34.567Z"}
{"level":"info","message":"Create post endpoint hit","service":"post-service","timestamp":"2025-04-20T06:57:34.569Z"}
{"$__":{"$versionError":null,"activePaths":{"paths":{"content":"require","user":"require"},"states":{"default":{},"modify":{},"require":{"content":true,"user":true}}},"backup":{"activePaths":{"default":{"_id":true,"createdAt":true},"modify":{"content":true,"mediaIds":true,"updatedAt":true,"user":true}},"validationError":null},"cachedRequired":{},"inserting":true,"op":null,"pathsToScopes":{"mediaIds":{"__v":0,"_id":"68049adecb3a526c862f7e98","content":"test12324","createdAt":"2025-04-20T06:57:34.577Z","mediaIds":[],"updatedAt":"2025-04-20T06:57:34.577Z","user":"680347e27c266028da5dd7e8"}},"saveOptions":null,"savedState":{},"saving":null,"validating":null},"$isNew":false,"_doc":{"__v":0,"_id":"68049adecb3a526c862f7e98","content":"test12324","createdAt":"2025-04-20T06:57:34.577Z","mediaIds":[],"updatedAt":"2025-04-20T06:57:34.577Z","user":"680347e27c266028da5dd7e8"},"level":"info","message":"Post created successfully","service":"post-service","timestamp":"2025-04-20T06:57:34.651Z"}
{"level":"info","message":"Received GET request to /api/posts/all-posts","service":"post-service","timestamp":"2025-04-20T06:57:49.176Z"}
{"level":"info","message":"Request body, [object Object]","service":"post-service","timestamp":"2025-04-20T06:57:49.176Z"}
{"level":"info","message":"Received GET request to /api/posts/all-posts","service":"post-service","timestamp":"2025-04-20T06:58:11.120Z"}
{"level":"info","message":"Request body, [object Object]","service":"post-service","timestamp":"2025-04-20T06:58:11.120Z"}
{"level":"info","message":"Post service running on port 3002","service":"post-service","timestamp":"2025-04-20T06:59:09.292Z"}
{"level":"info","message":"Connected to mongodb","service":"post-service","timestamp":"2025-04-20T06:59:10.369Z"}
{"level":"info","message":"Received POST request to /api/posts/create-post","service":"post-service","timestamp":"2025-04-20T07:01:48.624Z"}
{"level":"info","message":"Request body, [object Object]","service":"post-service","timestamp":"2025-04-20T07:01:48.626Z"}
{"level":"info","message":"Create post endpoint hit","service":"post-service","timestamp":"2025-04-20T07:01:48.628Z"}
{"$__":{"$versionError":null,"activePaths":{"paths":{"content":"require","user":"require"},"states":{"default":{},"modify":{},"require":{"content":true,"user":true}}},"backup":{"activePaths":{"default":{"_id":true,"createdAt":true},"modify":{"content":true,"mediaIds":true,"updatedAt":true,"user":true}},"validationError":null},"cachedRequired":{},"inserting":true,"op":null,"pathsToScopes":{"mediaIds":{"__v":0,"_id":"68049bdcb1b735b58e9a1462","content":"Content will go here","createdAt":"2025-04-20T07:01:48.638Z","mediaIds":[],"updatedAt":"2025-04-20T07:01:48.638Z","user":"680347e27c266028da5dd7e8"}},"saveOptions":null,"savedState":{},"saving":null,"validating":null},"$isNew":false,"_doc":{"__v":0,"_id":"68049bdcb1b735b58e9a1462","content":"Content will go here","createdAt":"2025-04-20T07:01:48.638Z","mediaIds":[],"updatedAt":"2025-04-20T07:01:48.638Z","user":"680347e27c266028da5dd7e8"},"level":"info","message":"Post created successfully","service":"post-service","timestamp":"2025-04-20T07:01:48.719Z"}
{"level":"info","message":"Received GET request to /api/posts/all-posts","service":"post-service","timestamp":"2025-04-20T07:01:56.713Z"}
{"level":"info","message":"Request body, [object Object]","service":"post-service","timestamp":"2025-04-20T07:01:56.714Z"}
{"level":"info","message":"Received GET request to /api/posts/all-posts","service":"post-service","timestamp":"2025-04-20T07:02:08.072Z"}
{"level":"info","message":"Request body, [object Object]","service":"post-service","timestamp":"2025-04-20T07:02:08.072Z"}
{"level":"info","message":"Post service running on port 3002","service":"post-service","timestamp":"2025-04-20T07:02:59.206Z"}
{"level":"info","message":"Connected to mongodb","service":"post-service","timestamp":"2025-04-20T07:03:00.065Z"}
{"level":"info","message":"Received GET request to /api/posts/all-posts","service":"post-service","timestamp":"2025-04-20T07:05:15.377Z"}
{"level":"info","message":"Request body, [object Object]","service":"post-service","timestamp":"2025-04-20T07:05:15.379Z"}
{"level":"info","message":"Received POST request to /api/posts/create-post","service":"post-service","timestamp":"2025-04-20T07:06:00.256Z"}
{"level":"info","message":"Request body, [object Object]","service":"post-service","timestamp":"2025-04-20T07:06:00.257Z"}
{"level":"info","message":"Create post endpoint hit","service":"post-service","timestamp":"2025-04-20T07:06:00.260Z"}
{"$__":{"$versionError":null,"activePaths":{"paths":{"content":"require","user":"require"},"states":{"default":{},"modify":{},"require":{"content":true,"user":true}}},"backup":{"activePaths":{"default":{"_id":true,"createdAt":true},"modify":{"content":true,"mediaIds":true,"updatedAt":true,"user":true}},"validationError":null},"cachedRequired":{},"inserting":true,"op":null,"pathsToScopes":{"mediaIds":{"__v":0,"_id":"68049cd8bc728b463101ba72","content":"Content will go here redish test","createdAt":"2025-04-20T07:06:00.272Z","mediaIds":[],"updatedAt":"2025-04-20T07:06:00.272Z","user":"680347e27c266028da5dd7e8"}},"saveOptions":null,"savedState":{},"saving":null,"validating":null},"$isNew":false,"_doc":{"__v":0,"_id":"68049cd8bc728b463101ba72","content":"Content will go here redish test","createdAt":"2025-04-20T07:06:00.272Z","mediaIds":[],"updatedAt":"2025-04-20T07:06:00.272Z","user":"680347e27c266028da5dd7e8"},"level":"info","message":"Post created successfully","service":"post-service","timestamp":"2025-04-20T07:06:00.358Z"}
{"level":"info","message":"Received GET request to /api/posts/all-posts","service":"post-service","timestamp":"2025-04-20T07:06:06.653Z"}
{"level":"info","message":"Request body, [object Object]","service":"post-service","timestamp":"2025-04-20T07:06:06.655Z"}
{"level":"info","message":"Received GET request to /api/posts/all-posts","service":"post-service","timestamp":"2025-04-20T07:06:18.048Z"}
{"level":"info","message":"Request body, [object Object]","service":"post-service","timestamp":"2025-04-20T07:06:18.049Z"}
{"level":"info","message":"Received GET request to /api/posts/all-posts","service":"post-service","timestamp":"2025-04-20T07:06:20.304Z"}
{"level":"info","message":"Request body, [object Object]","service":"post-service","timestamp":"2025-04-20T07:06:20.305Z"}
{"level":"info","message":"Post service running on port 3002","service":"post-service","timestamp":"2025-04-20T07:06:34.749Z"}
{"level":"info","message":"Connected to mongodb","service":"post-service","timestamp":"2025-04-20T07:06:35.792Z"}
{"level":"info","message":"Received POST request to /api/posts/create-post","service":"post-service","timestamp":"2025-04-20T07:06:44.678Z"}
{"level":"info","message":"Request body, [object Object]","service":"post-service","timestamp":"2025-04-20T07:06:44.679Z"}
{"level":"info","message":"Create post endpoint hit","service":"post-service","timestamp":"2025-04-20T07:06:44.681Z"}
{"$__":{"$versionError":null,"activePaths":{"paths":{"content":"require","user":"require"},"states":{"default":{},"modify":{},"require":{"content":true,"user":true}}},"backup":{"activePaths":{"default":{"_id":true,"createdAt":true},"modify":{"content":true,"mediaIds":true,"updatedAt":true,"user":true}},"validationError":null},"cachedRequired":{},"inserting":true,"op":null,"pathsToScopes":{"mediaIds":{"__v":0,"_id":"68049d04d3dd13e68345dd16","content":"Content will go here redish test again","createdAt":"2025-04-20T07:06:44.695Z","mediaIds":[],"updatedAt":"2025-04-20T07:06:44.695Z","user":"680347e27c266028da5dd7e8"}},"saveOptions":null,"savedState":{},"saving":null,"validating":null},"$isNew":false,"_doc":{"__v":0,"_id":"68049d04d3dd13e68345dd16","content":"Content will go here redish test again","createdAt":"2025-04-20T07:06:44.695Z","mediaIds":[],"updatedAt":"2025-04-20T07:06:44.695Z","user":"680347e27c266028da5dd7e8"},"level":"info","message":"Post created successfully","service":"post-service","timestamp":"2025-04-20T07:06:44.770Z"}
{"level":"info","message":"Received GET request to /api/posts/all-posts","service":"post-service","timestamp":"2025-04-20T07:06:50.871Z"}
{"level":"info","message":"Request body, [object Object]","service":"post-service","timestamp":"2025-04-20T07:06:50.873Z"}
{"level":"info","message":"Received GET request to /api/posts/all-posts","service":"post-service","timestamp":"2025-04-20T07:06:53.124Z"}
{"level":"info","message":"Request body, [object Object]","service":"post-service","timestamp":"2025-04-20T07:06:53.125Z"}
{"level":"info","message":"Post service running on port 3002","service":"post-service","timestamp":"2025-04-20T07:07:00.061Z"}
{"level":"info","message":"Connected to mongodb","service":"post-service","timestamp":"2025-04-20T07:07:00.854Z"}
{"level":"info","message":"Received GET request to /api/posts/all-posts","service":"post-service","timestamp":"2025-04-20T07:07:06.905Z"}
{"level":"info","message":"Request body, [object Object]","service":"post-service","timestamp":"2025-04-20T07:07:06.906Z"}
{"level":"info","message":"Received POST request to /api/posts/create-post","service":"post-service","timestamp":"2025-04-20T07:07:21.453Z"}
{"level":"info","message":"Request body, [object Object]","service":"post-service","timestamp":"2025-04-20T07:07:21.454Z"}
{"level":"info","message":"Create post endpoint hit","service":"post-service","timestamp":"2025-04-20T07:07:21.455Z"}
{"$__":{"$versionError":null,"activePaths":{"paths":{"content":"require","user":"require"},"states":{"default":{},"modify":{},"require":{"content":true,"user":true}}},"backup":{"activePaths":{"default":{"_id":true,"createdAt":true},"modify":{"content":true,"mediaIds":true,"updatedAt":true,"user":true}},"validationError":null},"cachedRequired":{},"inserting":true,"op":null,"pathsToScopes":{"mediaIds":{"__v":0,"_id":"68049d29d6cdc5fe6569414c","content":"Content will go here redish test again v","createdAt":"2025-04-20T07:07:21.470Z","mediaIds":[],"updatedAt":"2025-04-20T07:07:21.470Z","user":"680347e27c266028da5dd7e8"}},"saveOptions":null,"savedState":{},"saving":null,"validating":null},"$isNew":false,"_doc":{"__v":0,"_id":"68049d29d6cdc5fe6569414c","content":"Content will go here redish test again v","createdAt":"2025-04-20T07:07:21.470Z","mediaIds":[],"updatedAt":"2025-04-20T07:07:21.470Z","user":"680347e27c266028da5dd7e8"},"level":"info","message":"Post created successfully","service":"post-service","timestamp":"2025-04-20T07:07:21.546Z"}
{"level":"info","message":"Received GET request to /api/posts/all-posts","service":"post-service","timestamp":"2025-04-20T07:07:26.129Z"}
{"level":"info","message":"Request body, [object Object]","service":"post-service","timestamp":"2025-04-20T07:07:26.130Z"}
{"level":"info","message":"Received GET request to /api/posts/68049cd8bc728b463101ba72","service":"post-service","timestamp":"2025-04-20T07:19:28.773Z"}
{"level":"info","message":"Request body, [object Object]","service":"post-service","timestamp":"2025-04-20T07:19:28.774Z"}
{"level":"info","message":"Received DELETE request to /api/posts/68049cd8bc728b463101ba72","service":"post-service","timestamp":"2025-04-20T07:20:43.421Z"}
{"level":"info","message":"Request body, [object Object]","service":"post-service","timestamp":"2025-04-20T07:20:43.421Z"}
{"level":"info","message":"Post service running on port 3002","service":"post-service","timestamp":"2025-04-20T14:56:29.126Z"}
{"level":"info","message":"Connected to mongodb","service":"post-service","timestamp":"2025-04-20T14:56:30.366Z"}
{"level":"info","message":"Received POST request to /api/posts/create-post","service":"post-service","timestamp":"2025-04-20T14:59:22.700Z"}
{"level":"info","message":"Request body, [object Object]","service":"post-service","timestamp":"2025-04-20T14:59:22.701Z"}
{"level":"info","message":"Create post endpoint hit","service":"post-service","timestamp":"2025-04-20T14:59:22.703Z"}
{"0":"\"","1":"c","10":"i","11":"s","12":" ","13":"r","14":"e","15":"q","16":"u","17":"i","18":"r","19":"e","2":"o","20":"d","3":"n","4":"t","5":"e","6":"n","7":"t","8":"\"","9":" ","level":"warn","message":"Validation error","service":"post-service","timestamp":"2025-04-20T14:59:22.709Z"}
{"level":"info","message":"Received POST request to /api/posts/create-post","service":"post-service","timestamp":"2025-04-20T15:15:59.752Z"}
{"level":"info","message":"Request body, [object Object]","service":"post-service","timestamp":"2025-04-20T15:15:59.753Z"}
{"level":"info","message":"Create post endpoint hit","service":"post-service","timestamp":"2025-04-20T15:15:59.754Z"}
{"$__":{"$versionError":null,"activePaths":{"paths":{"content":"require","user":"require"},"states":{"default":{},"modify":{},"require":{"content":true,"user":true}}},"backup":{"activePaths":{"default":{"_id":true,"createdAt":true},"modify":{"content":true,"mediaIds":true,"updatedAt":true,"user":true}},"validationError":null},"cachedRequired":{},"inserting":true,"op":null,"pathsToScopes":{"mediaIds":{"__v":0,"_id":"68050fafbe0a693dde7c7fd4","content":"Content will go here redish test again v","createdAt":"2025-04-20T15:15:59.763Z","mediaIds":["68050f282643cb2440c13404"],"updatedAt":"2025-04-20T15:15:59.763Z","user":"680347e27c266028da5dd7e8"}},"saveOptions":null,"savedState":{},"saving":null,"validating":null},"$isNew":false,"_doc":{"__v":0,"_id":"68050fafbe0a693dde7c7fd4","content":"Content will go here redish test again v","createdAt":"2025-04-20T15:15:59.763Z","mediaIds":["68050f282643cb2440c13404"],"updatedAt":"2025-04-20T15:15:59.763Z","user":"680347e27c266028da5dd7e8"},"level":"info","message":"Post created successfully","service":"post-service","timestamp":"2025-04-20T15:15:59.847Z"}
{"level":"info","message":"Received GET request to /api/posts/all-posts","service":"post-service","timestamp":"2025-04-20T15:16:26.010Z"}
{"level":"info","message":"Request body, [object Object]","service":"post-service","timestamp":"2025-04-20T15:16:26.011Z"}
{"level":"info","message":"Post service running on port 3002","service":"post-service","timestamp":"2025-04-20T16:25:14.721Z"}
{"level":"info","message":"Connected to mongodb","service":"post-service","timestamp":"2025-04-20T16:25:20.989Z"}
{"level":"info","message":"Connected to rabbit mq","service":"post-service","timestamp":"2025-04-20T16:25:27.191Z"}
{"level":"info","message":"Post service running on port 3002","service":"post-service","timestamp":"2025-04-20T16:25:27.197Z"}
{"level":"info","message":"Connected to mongodb","service":"post-service","timestamp":"2025-04-20T16:25:28.654Z"}
{"level":"info","message":"Connected to rabbit mq","service":"post-service","timestamp":"2025-04-21T02:05:50.191Z"}
{"level":"info","message":"Post service running on port 3002","service":"post-service","timestamp":"2025-04-21T02:05:50.203Z"}
{"level":"info","message":"Connected to mongodb","service":"post-service","timestamp":"2025-04-21T02:05:51.482Z"}
{"level":"info","message":"Connected to rabbit mq","service":"post-service","timestamp":"2025-04-26T13:00:34.261Z"}
{"level":"info","message":"Post service running on port 3002","service":"post-service","timestamp":"2025-04-26T13:00:34.269Z"}
{"level":"info","message":"Connected to mongodb","service":"post-service","timestamp":"2025-04-26T13:00:35.242Z"}
{"level":"info","message":"Connected to rabbit mq","service":"post-service","timestamp":"2025-04-26T15:52:46.695Z"}
{"level":"info","message":"Post service running on port 3002","service":"post-service","timestamp":"2025-04-26T15:52:46.701Z"}
{"level":"info","message":"Connected to mongodb","service":"post-service","timestamp":"2025-04-26T15:52:47.538Z"}
{"level":"info","message":"Connected to rabbit mq","service":"post-service","timestamp":"2025-04-26T15:53:07.029Z"}
{"level":"info","message":"Post service running on port 3002","service":"post-service","timestamp":"2025-04-26T15:53:07.032Z"}
{"level":"info","message":"Connected to mongodb","service":"post-service","timestamp":"2025-04-26T15:53:07.674Z"}
{"level":"info","message":"Received POST request to /api/posts/create-post","service":"post-service","timestamp":"2025-04-26T16:16:47.275Z"}
{"level":"info","message":"Request body, [object Object]","service":"post-service","timestamp":"2025-04-26T16:16:47.275Z"}
{"level":"info","message":"Create post endpoint hit","service":"post-service","timestamp":"2025-04-26T16:16:47.276Z"}
{"$__":{"$versionError":null,"activePaths":{"paths":{"content":"require","user":"require"},"states":{"default":{},"modify":{},"require":{"content":true,"user":true}}},"backup":{"activePaths":{"default":{"_id":true,"createdAt":true},"modify":{"content":true,"mediaIds":true,"updatedAt":true,"user":true}},"validationError":null},"cachedRequired":{},"inserting":true,"op":null,"pathsToScopes":{"mediaIds":{"__v":0,"_id":"680d06efb97638be562bb3ec","content":"deletefable","createdAt":"2025-04-26T16:16:47.282Z","mediaIds":["680d06b74618c1ca97b596fc"],"updatedAt":"2025-04-26T16:16:47.282Z","user":"680347e27c266028da5dd7e8"}},"saveOptions":null,"savedState":{},"saving":null,"validating":null},"$isNew":false,"_doc":{"__v":0,"_id":"680d06efb97638be562bb3ec","content":"deletefable","createdAt":"2025-04-26T16:16:47.282Z","mediaIds":["680d06b74618c1ca97b596fc"],"updatedAt":"2025-04-26T16:16:47.282Z","user":"680347e27c266028da5dd7e8"},"level":"info","message":"Post created successfully","service":"post-service","timestamp":"2025-04-26T16:16:47.361Z"}
{"level":"info","message":"Received GET request to /api/posts/all-posts","service":"post-service","timestamp":"2025-04-26T16:17:43.826Z"}
{"level":"info","message":"Request body, [object Object]","service":"post-service","timestamp":"2025-04-26T16:17:43.826Z"}
{"level":"info","message":"Received DELETE request to /api/posts/680d06efb97638be562bb3ec","service":"post-service","timestamp":"2025-04-26T16:19:45.044Z"}
{"level":"info","message":"Request body, [object Object]","service":"post-service","timestamp":"2025-04-26T16:19:45.044Z"}
{"level":"info","message":"Event published: post.deleted","service":"post-service","timestamp":"2025-04-26T16:19:45.122Z"}
{"level":"info","message":"Received POST request to /api/posts/create-post","service":"post-service","timestamp":"2025-04-26T16:36:26.560Z"}
{"level":"info","message":"Request body, [object Object]","service":"post-service","timestamp":"2025-04-26T16:36:26.560Z"}
{"level":"info","message":"Create post endpoint hit","service":"post-service","timestamp":"2025-04-26T16:36:26.561Z"}
{"$__":{"$versionError":null,"activePaths":{"paths":{"content":"require","user":"require"},"states":{"default":{},"modify":{},"require":{"content":true,"user":true}}},"backup":{"activePaths":{"default":{"_id":true,"createdAt":true},"modify":{"content":true,"mediaIds":true,"updatedAt":true,"user":true}},"validationError":null},"cachedRequired":{},"inserting":true,"op":null,"pathsToScopes":{"mediaIds":{"__v":0,"_id":"680d0b8ab97638be562bb3f1","content":"this post is dummy","createdAt":"2025-04-26T16:36:26.562Z","mediaIds":["680d0b57ea6a96e5fd9098d9"],"updatedAt":"2025-04-26T16:36:26.562Z","user":"680347e27c266028da5dd7e8"}},"saveOptions":null,"savedState":{},"saving":null,"validating":null},"$isNew":false,"_doc":{"__v":0,"_id":"680d0b8ab97638be562bb3f1","content":"this post is dummy","createdAt":"2025-04-26T16:36:26.562Z","mediaIds":["680d0b57ea6a96e5fd9098d9"],"updatedAt":"2025-04-26T16:36:26.562Z","user":"680347e27c266028da5dd7e8"},"level":"info","message":"Post created successfully","service":"post-service","timestamp":"2025-04-26T16:36:26.634Z"}
{"level":"info","message":"Received GET request to /api/posts/all-posts","service":"post-service","timestamp":"2025-04-26T16:36:35.933Z"}
{"level":"info","message":"Request body, [object Object]","service":"post-service","timestamp":"2025-04-26T16:36:35.936Z"}
{"level":"info","message":"Received GET request to /api/posts/all-posts","service":"post-service","timestamp":"2025-04-26T16:37:48.696Z"}
{"level":"info","message":"Request body, [object Object]","service":"post-service","timestamp":"2025-04-26T16:37:48.696Z"}
{"level":"info","message":"Received POST request to /api/posts/create-post","service":"post-service","timestamp":"2025-04-26T16:40:48.578Z"}
{"level":"info","message":"Request body, [object Object]","service":"post-service","timestamp":"2025-04-26T16:40:48.579Z"}
{"level":"info","message":"Create post endpoint hit","service":"post-service","timestamp":"2025-04-26T16:40:48.580Z"}
{"$__":{"$versionError":null,"activePaths":{"paths":{"content":"require","user":"require"},"states":{"default":{},"modify":{},"require":{"content":true,"user":true}}},"backup":{"activePaths":{"default":{"_id":true,"createdAt":true},"modify":{"content":true,"mediaIds":true,"updatedAt":true,"user":true}},"validationError":null},"cachedRequired":{},"inserting":true,"op":null,"pathsToScopes":{"mediaIds":{"__v":0,"_id":"680d0c90b97638be562bb3f5","content":"this post is dummy","createdAt":"2025-04-26T16:40:48.581Z","mediaIds":["680d0c68254bf3f015946ba1"],"updatedAt":"2025-04-26T16:40:48.581Z","user":"680347e27c266028da5dd7e8"}},"saveOptions":null,"savedState":{},"saving":null,"validating":null},"$isNew":false,"_doc":{"__v":0,"_id":"680d0c90b97638be562bb3f5","content":"this post is dummy","createdAt":"2025-04-26T16:40:48.581Z","mediaIds":["680d0c68254bf3f015946ba1"],"updatedAt":"2025-04-26T16:40:48.581Z","user":"680347e27c266028da5dd7e8"},"level":"info","message":"Post created successfully","service":"post-service","timestamp":"2025-04-26T16:40:48.650Z"}
{"level":"info","message":"Received GET request to /api/posts/all-posts","service":"post-service","timestamp":"2025-04-26T16:41:06.530Z"}
{"level":"info","message":"Request body, [object Object]","service":"post-service","timestamp":"2025-04-26T16:41:06.530Z"}
{"level":"info","message":"Received DELETE request to /api/posts/680d0c90b97638be562bb3f5","service":"post-service","timestamp":"2025-04-26T16:42:59.160Z"}
{"level":"info","message":"Request body, [object Object]","service":"post-service","timestamp":"2025-04-26T16:42:59.161Z"}
{"level":"info","message":"Event published: post.deleted","service":"post-service","timestamp":"2025-04-26T16:42:59.236Z"}
{"level":"info","message":"Received GET request to /api/posts/all-posts","service":"post-service","timestamp":"2025-04-26T16:44:13.937Z"}
{"level":"info","message":"Request body, [object Object]","service":"post-service","timestamp":"2025-04-26T16:44:13.937Z"}
{"level":"info","message":"Received DELETE request to /api/posts/680d0b8ab97638be562bb3f1","service":"post-service","timestamp":"2025-04-26T16:44:32.959Z"}
{"level":"info","message":"Request body, [object Object]","service":"post-service","timestamp":"2025-04-26T16:44:32.960Z"}
{"level":"info","message":"Event published: post.deleted","service":"post-service","timestamp":"2025-04-26T16:44:33.028Z"}
{"level":"info","message":"Received POST request to /api/posts/create-post","service":"post-service","timestamp":"2025-04-26T17:06:10.876Z"}
{"level":"info","message":"Request body, [object Object]","service":"post-service","timestamp":"2025-04-26T17:06:10.877Z"}
{"level":"info","message":"Create post endpoint hit","service":"post-service","timestamp":"2025-04-26T17:06:10.877Z"}
{"$__":{"$versionError":null,"activePaths":{"paths":{"content":"require","user":"require"},"states":{"default":{},"modify":{},"require":{"content":true,"user":true}}},"backup":{"activePaths":{"default":{"_id":true,"createdAt":true},"modify":{"content":true,"mediaIds":true,"updatedAt":true,"user":true}},"validationError":null},"cachedRequired":{},"inserting":true,"op":null,"pathsToScopes":{"mediaIds":{"__v":0,"_id":"680d1282b97638be562bb3fd","content":"Nature image","createdAt":"2025-04-26T17:06:10.880Z","mediaIds":["680d1264254bf3f015946baa"],"updatedAt":"2025-04-26T17:06:10.880Z","user":"680347e27c266028da5dd7e8"}},"saveOptions":null,"savedState":{},"saving":null,"validating":null},"$isNew":false,"_doc":{"__v":0,"_id":"680d1282b97638be562bb3fd","content":"Nature image","createdAt":"2025-04-26T17:06:10.880Z","mediaIds":["680d1264254bf3f015946baa"],"updatedAt":"2025-04-26T17:06:10.880Z","user":"680347e27c266028da5dd7e8"},"level":"info","message":"Post created successfully","service":"post-service","timestamp":"2025-04-26T17:06:10.949Z"}
{"level":"info","message":"Received GET request to /api/posts/all-posts","service":"post-service","timestamp":"2025-04-26T17:06:33.246Z"}
{"level":"info","message":"Request body, [object Object]","service":"post-service","timestamp":"2025-04-26T17:06:33.246Z"}
{"level":"info","message":"Received DELETE request to /api/posts/680d1282b97638be562bb3fd","service":"post-service","timestamp":"2025-04-26T17:06:59.091Z"}
{"level":"info","message":"Request body, [object Object]","service":"post-service","timestamp":"2025-04-26T17:06:59.092Z"}
{"level":"info","message":"Event published: post.deleted","service":"post-service","timestamp":"2025-04-26T17:06:59.157Z"}
{"level":"info","message":"Connected to rabbit mq","service":"post-service","timestamp":"2025-04-26T17:28:39.687Z"}
{"level":"info","message":"Post service running on port 3002","service":"post-service","timestamp":"2025-04-26T17:28:39.690Z"}
{"level":"info","message":"Connected to mongodb","service":"post-service","timestamp":"2025-04-26T17:28:40.465Z"}
{"level":"info","message":"Connected to rabbit mq","service":"post-service","timestamp":"2025-04-26T17:30:22.727Z"}
{"level":"info","message":"Post service running on port 3002","service":"post-service","timestamp":"2025-04-26T17:30:22.734Z"}
{"level":"info","message":"Connected to mongodb","service":"post-service","timestamp":"2025-04-26T17:30:23.637Z"}
{"level":"info","message":"Connected to rabbit mq","service":"post-service","timestamp":"2025-04-26T17:30:27.613Z"}
{"level":"info","message":"Post service running on port 3002","service":"post-service","timestamp":"2025-04-26T17:30:27.617Z"}
{"level":"info","message":"Connected to mongodb","service":"post-service","timestamp":"2025-04-26T17:30:28.260Z"}
{"level":"info","message":"Received POST request to /api/posts/create-post","service":"post-service","timestamp":"2025-04-26T17:59:06.399Z"}
{"level":"info","message":"Request body, [object Object]","service":"post-service","timestamp":"2025-04-26T17:59:06.400Z"}
{"level":"info","message":"Create post endpoint hit","service":"post-service","timestamp":"2025-04-26T17:59:06.402Z"}
{"level":"info","message":"Event published: post.created","service":"post-service","timestamp":"2025-04-26T17:59:06.485Z"}
{"$__":{"$versionError":null,"activePaths":{"paths":{"content":"require","user":"require"},"states":{"default":{},"modify":{},"require":{"content":true,"user":true}}},"backup":{"activePaths":{"default":{"_id":true,"createdAt":true},"modify":{"content":true,"mediaIds":true,"updatedAt":true,"user":true}},"validationError":null},"cachedRequired":{},"inserting":true,"op":null,"pathsToScopes":{"mediaIds":{"__v":0,"_id":"680d1eeab1f7891122db8f57","content":"First post","createdAt":"2025-04-26T17:59:06.409Z","mediaIds":[],"updatedAt":"2025-04-26T17:59:06.409Z","user":"680347e27c266028da5dd7e8"}},"saveOptions":null,"savedState":{},"saving":null,"validating":null},"$isNew":false,"_doc":{"__v":0,"_id":"680d1eeab1f7891122db8f57","content":"First post","createdAt":"2025-04-26T17:59:06.409Z","mediaIds":[],"updatedAt":"2025-04-26T17:59:06.409Z","user":"680347e27c266028da5dd7e8"},"level":"info","message":"Post created successfully","service":"post-service","timestamp":"2025-04-26T17:59:06.489Z"}
{"level":"info","message":"Received POST request to /api/posts/create-post","service":"post-service","timestamp":"2025-04-26T17:59:22.005Z"}
{"level":"info","message":"Request body, [object Object]","service":"post-service","timestamp":"2025-04-26T17:59:22.006Z"}
{"level":"info","message":"Create post endpoint hit","service":"post-service","timestamp":"2025-04-26T17:59:22.008Z"}
{"level":"info","message":"Event published: post.created","service":"post-service","timestamp":"2025-04-26T17:59:22.078Z"}
{"$__":{"$versionError":null,"activePaths":{"paths":{"content":"require","user":"require"},"states":{"default":{},"modify":{},"require":{"content":true,"user":true}}},"backup":{"activePaths":{"default":{"_id":true,"createdAt":true},"modify":{"content":true,"mediaIds":true,"updatedAt":true,"user":true}},"validationError":null},"cachedRequired":{},"inserting":true,"op":null,"pathsToScopes":{"mediaIds":{"__v":0,"_id":"680d1efab1f7891122db8f59","content":"Second post","createdAt":"2025-04-26T17:59:22.011Z","mediaIds":[],"updatedAt":"2025-04-26T17:59:22.011Z","user":"680347e27c266028da5dd7e8"}},"saveOptions":null,"savedState":{},"saving":null,"validating":null},"$isNew":false,"_doc":{"__v":0,"_id":"680d1efab1f7891122db8f59","content":"Second post","createdAt":"2025-04-26T17:59:22.011Z","mediaIds":[],"updatedAt":"2025-04-26T17:59:22.011Z","user":"680347e27c266028da5dd7e8"},"level":"info","message":"Post created successfully","service":"post-service","timestamp":"2025-04-26T17:59:22.080Z"}
{"level":"info","message":"Received POST request to /api/posts/create-post","service":"post-service","timestamp":"2025-04-26T17:59:30.966Z"}
{"level":"info","message":"Request body, [object Object]","service":"post-service","timestamp":"2025-04-26T17:59:30.967Z"}
{"level":"info","message":"Create post endpoint hit","service":"post-service","timestamp":"2025-04-26T17:59:30.967Z"}
{"level":"info","message":"Event published: post.created","service":"post-service","timestamp":"2025-04-26T17:59:31.034Z"}
{"$__":{"$versionError":null,"activePaths":{"paths":{"content":"require","user":"require"},"states":{"default":{},"modify":{},"require":{"content":true,"user":true}}},"backup":{"activePaths":{"default":{"_id":true,"createdAt":true},"modify":{"content":true,"mediaIds":true,"updatedAt":true,"user":true}},"validationError":null},"cachedRequired":{},"inserting":true,"op":null,"pathsToScopes":{"mediaIds":{"__v":0,"_id":"680d1f02b1f7891122db8f5b","content":"Third post","createdAt":"2025-04-26T17:59:30.969Z","mediaIds":[],"updatedAt":"2025-04-26T17:59:30.969Z","user":"680347e27c266028da5dd7e8"}},"saveOptions":null,"savedState":{},"saving":null,"validating":null},"$isNew":false,"_doc":{"__v":0,"_id":"680d1f02b1f7891122db8f5b","content":"Third post","createdAt":"2025-04-26T17:59:30.969Z","mediaIds":[],"updatedAt":"2025-04-26T17:59:30.969Z","user":"680347e27c266028da5dd7e8"},"level":"info","message":"Post created successfully","service":"post-service","timestamp":"2025-04-26T17:59:31.036Z"}
{"level":"info","message":"Received GET request to /api/posts/all-posts","service":"post-service","timestamp":"2025-04-26T18:02:49.099Z"}
{"level":"info","message":"Request body, [object Object]","service":"post-service","timestamp":"2025-04-26T18:02:49.099Z"}
